<?xml version="1.0" encoding="UTF-8"?>
<testsuite xmlns:xsi="http://www.w3.org/2001/XMLSchema-instance" xsi:noNamespaceSchemaLocation="https://maven.apache.org/surefire/maven-surefire-plugin/xsd/surefire-test-report-3.0.xsd" version="3.0" name="com.elearn.app.StartLearnBackApplicationTests" time="3.479" tests="4" errors="0" skipped="0" failures="0">
  <properties>
[...]
</properties>
  <testcase name="testJwt" classname="com.elearn.app.StartLearnBackApplicationTests" time="0.36">
    <system-out><![CDATA[19:41:20.172 [main] INFO org.springframework.test.context.support.AnnotationConfigContextLoaderUtils -- Could not detect default configuration classes for test class [com.elearn.app.StartLearnBackApplicationTests]: StartLearnBackApplicationTests does not declare any static, non-private, non-final, nested classes annotated with @Configuration.
19:41:20.223 [main] INFO org.springframework.boot.test.context.SpringBootTestContextBootstrapper -- Found @SpringBootConfiguration com.elearn.app.StartLearnBackApplication for test class com.elearn.app.StartLearnBackApplicationTests
19:41:20.291 [main] INFO org.springframework.boot.devtools.restart.RestartApplicationListener -- Restart disabled due to context in which it is running

  .   ____          _            __ _ _
 /\\ / ___'_ __ _ _(_)_ __  __ _ \ \ \ \
( ( )\___ | '_ | '_| | '_ \/ _` | \ \ \ \
 \\/  ___)| |_)| | | | | || (_| |  ) ) ) )
  '  |____| .__|_| |_|_| |_\__, | / / / /
 =========|_|==============|___/=/_/_/_/

 :: Spring Boot ::                (v3.3.2)

2024-10-23T19:41:20.409+05:30  INFO 67009 --- [start-learn-back] [           main] c.e.app.StartLearnBackApplicationTests   : Starting StartLearnBackApplicationTests using Java 21.0.1 with PID 67009 (started by durgesh_mac in /Users/durgesh_mac/Documents/Workspace/Live batch/spring-boot-microservices-batch2402/start-learn-back)
2024-10-23T19:41:20.409+05:30  INFO 67009 --- [start-learn-back] [           main] c.e.app.StartLearnBackApplicationTests   : No active profile set, falling back to 1 default profile: "default"
2024-10-23T19:41:20.833+05:30  INFO 67009 --- [start-learn-back] [           main] .s.d.r.c.RepositoryConfigurationDelegate : Bootstrapping Spring Data JPA repositories in DEFAULT mode.
2024-10-23T19:41:20.861+05:30  INFO 67009 --- [start-learn-back] [           main] .s.d.r.c.RepositoryConfigurationDelegate : Finished Spring Data repository scanning in 24 ms. Found 5 JPA repository interfaces.
2024-10-23T19:41:21.095+05:30  INFO 67009 --- [start-learn-back] [           main] o.hibernate.jpa.internal.util.LogHelper  : HHH000204: Processing PersistenceUnitInfo [name: default]
2024-10-23T19:41:21.124+05:30  INFO 67009 --- [start-learn-back] [           main] org.hibernate.Version                    : HHH000412: Hibernate ORM core version 6.5.2.Final
2024-10-23T19:41:21.146+05:30  INFO 67009 --- [start-learn-back] [           main] o.h.c.internal.RegionFactoryInitiator    : HHH000026: Second-level cache disabled
2024-10-23T19:41:21.268+05:30  INFO 67009 --- [start-learn-back] [           main] o.s.o.j.p.SpringPersistenceUnitInfo      : No LoadTimeWeaver setup: ignoring JPA class transformer
2024-10-23T19:41:21.280+05:30  INFO 67009 --- [start-learn-back] [           main] com.zaxxer.hikari.HikariDataSource       : HikariPool-1 - Starting...
2024-10-23T19:41:21.564+05:30  INFO 67009 --- [start-learn-back] [           main] com.zaxxer.hikari.pool.HikariPool        : HikariPool-1 - Added connection com.mysql.cj.jdbc.ConnectionImpl@53e4a19e
2024-10-23T19:41:21.565+05:30  INFO 67009 --- [start-learn-back] [           main] com.zaxxer.hikari.HikariDataSource       : HikariPool-1 - Start completed.
2024-10-23T19:41:22.093+05:30  INFO 67009 --- [start-learn-back] [           main] o.h.e.t.j.p.i.JtaPlatformInitiator       : HHH000489: No JTA platform available (set 'hibernate.transaction.jta.platform' to enable JTA platform integration)
2024-10-23T19:41:22.166+05:30  INFO 67009 --- [start-learn-back] [           main] j.LocalContainerEntityManagerFactoryBean : Initialized JPA EntityManagerFactory for persistence unit 'default'
2024-10-23T19:41:22.324+05:30  INFO 67009 --- [start-learn-back] [           main] r$InitializeUserDetailsManagerConfigurer : Global AuthenticationManager configured with UserDetailsService bean with name customUserDetailService
2024-10-23T19:41:22.439+05:30  WARN 67009 --- [start-learn-back] [           main] JpaBaseConfiguration$JpaWebConfiguration : spring.jpa.open-in-view is enabled by default. Therefore, database queries may be performed during view rendering. Explicitly configure spring.jpa.open-in-view to disable this warning
2024-10-23T19:41:22.606+05:30 DEBUG 67009 --- [start-learn-back] [           main] o.s.s.web.DefaultSecurityFilterChain     : Will secure any request with filters: DisableEncodeUrlFilter, WebAsyncManagerIntegrationFilter, SecurityContextHolderFilter, HeaderWriterFilter, CorsFilter, LogoutFilter, JwtAuthenticationFilter, RequestCacheAwareFilter, SecurityContextHolderAwareRequestFilter, AnonymousAuthenticationFilter, SessionManagementFilter, ExceptionTranslationFilter, AuthorizationFilter
2024-10-23T19:41:22.610+05:30  WARN 67009 --- [start-learn-back] [           main] o.s.s.c.a.web.builders.WebSecurity       : 

********************************************************************
**********        Security debugging is enabled.       *************
**********    This may include sensitive information.  *************
**********      Do not use in a production system!     *************
********************************************************************


2024-10-23T19:41:22.826+05:30  INFO 67009 --- [start-learn-back] [           main] c.e.app.StartLearnBackApplicationTests   : Started StartLearnBackApplicationTests in 2.54 seconds (process running for 2.971)
Hibernate: 
    select
        r1_0.role_id,
        r1_0.role_name 
    from
        roles r1_0 
    where
        r1_0.role_name=?
ROLE_ADMIN already in database
Hibernate: 
    select
        r1_0.role_id,
        r1_0.role_name 
    from
        roles r1_0 
    where
        r1_0.role_name=?
ROLE_GUEST already in database
Hibernate: 
    select
        u1_0.user_id,
        u1_0.about,
        u1_0.active,
        u1_0.create_at,
        u1_0.email,
        u1_0.email_varified,
        u1_0.name,
        u1_0.password,
        u1_0.phone_number,
        u1_0.profile_path,
        u1_0.recentotp,
        u1_0.sms_verified 
    from
        user u1_0 
    where
        u1_0.email=?
Hibernate: 
    select
        r1_0.users_user_id,
        r1_1.role_id,
        r1_1.role_name 
    from
        roles_users r1_0 
    join
        roles r1_1 
            on r1_1.role_id=r1_0.roles_role_id 
    where
        r1_0.users_user_id=?
abc@gmail.com
Hibernate: 
    select
        u1_0.user_id,
        u1_0.about,
        u1_0.active,
        u1_0.create_at,
        u1_0.email,
        u1_0.email_varified,
        u1_0.name,
        u1_0.password,
        u1_0.phone_number,
        u1_0.profile_path,
        u1_0.recentotp,
        u1_0.sms_verified 
    from
        user u1_0 
    where
        u1_0.email=?
Hibernate: 
    select
        r1_0.users_user_id,
        r1_1.role_id,
        r1_1.role_name 
    from
        roles_users r1_0 
    join
        roles r1_1 
            on r1_1.role_id=r1_0.roles_role_id 
    where
        r1_0.users_user_id=?
abhishek is there in database
Hibernate: 
    select
        u1_0.user_id,
        u1_0.about,
        u1_0.active,
        u1_0.create_at,
        u1_0.email,
        u1_0.email_varified,
        u1_0.name,
        u1_0.password,
        u1_0.phone_number,
        u1_0.profile_path,
        u1_0.recentotp,
        u1_0.sms_verified 
    from
        user u1_0 
    where
        u1_0.email=?
Hibernate: 
    select
        r1_0.users_user_id,
        r1_1.role_id,
        r1_1.role_name 
    from
        roles_users r1_0 
    join
        roles r1_1 
            on r1_1.role_id=r1_0.roles_role_id 
    where
        r1_0.users_user_id=?
ayush is there in database
testing jwt
eyJhbGciOiJIUzI1NiJ9.eyJzdWIiOiJBYXl1c2ggU2hhcm1hIiwiaWF0IjoxNzI5NjkyNjgzLCJleHAiOjE3Mjk2OTI5ODN9.CEwDABl9n0EDLA9kSWiRIowfSyHDMWTP7qFAK2HRBtU
true
Aayush Sharma
]]></system-out>
    <system-err><![CDATA[WARNING: A Java agent has been loaded dynamically (/Users/durgesh_mac/.m2/repository/net/bytebuddy/byte-buddy-agent/1.14.18/byte-buddy-agent-1.14.18.jar)
WARNING: If a serviceability tool is in use, please run with -XX:+EnableDynamicAgentLoading to hide this warning
WARNING: If a serviceability tool is not in use, please run with -Djdk.instrument.traceUsage for more information
WARNING: Dynamic loading of agents will be disallowed by default in a future release
]]></system-err>
  </testcase>
  <testcase name="testRelation" classname="com.elearn.app.StartLearnBackApplicationTests" time="0.021">
    <system-out><![CDATA[Hibernate: 
    select
        c1_0.id,
        c1_0.added_date,
        c1_0.description,
        c1_0.title 
    from
        categories c1_0 
    where
        c1_0.id=?
Hibernate: 
    select
        c1_0.category_list_id,
        c1_1.id,
        c1_1.banner,
        c1_1.banner_content_type,
        c1_1.created_date,
        c1_1.discount,
        c1_1.live,
        c1_1.long_desc,
        c1_1.price,
        c1_1.short_desc,
        c1_1.title 
    from
        courses_category_list c1_0 
    join
        courses c1_1 
            on c1_1.id=c1_0.courses_id 
    where
        c1_0.category_list_id=?
2
Hibernate: 
    select
        cl1_0.courses_id,
        cl1_1.id,
        cl1_1.added_date,
        cl1_1.description,
        cl1_1.title 
    from
        courses_category_list cl1_0 
    join
        categories cl1_1 
            on cl1_1.id=cl1_0.category_list_id 
    where
        cl1_0.courses_id=?
2
]]></system-out>
  </testcase>
  <testcase name="contextLoads" classname="com.elearn.app.StartLearnBackApplicationTests" time="0.001"/>
  <testcase name="testCategoryCourseRelation" classname="com.elearn.app.StartLearnBackApplicationTests" time="0.024">
    <system-out><![CDATA[Hibernate: 
    select
        c1_0.id,
        c1_0.added_date,
        c1_0.description,
        c1_0.title 
    from
        categories c1_0 
    where
        c1_0.id=?
Hibernate: 
    select
        c1_0.id,
        c1_0.banner,
        c1_0.banner_content_type,
        c1_0.created_date,
        c1_0.discount,
        c1_0.live,
        c1_0.long_desc,
        c1_0.price,
        c1_0.short_desc,
        c1_0.title 
    from
        courses c1_0 
    where
        c1_0.id=?
Hibernate: 
    select
        cl1_0.courses_id,
        cl1_1.id,
        cl1_1.added_date,
        cl1_1.description,
        cl1_1.title 
    from
        courses_category_list cl1_0 
    join
        categories cl1_1 
            on cl1_1.id=cl1_0.category_list_id 
    where
        cl1_0.courses_id=?
category relationship updated
Hibernate: 
    delete 
    from
        courses_category_list 
    where
        courses_id=?
Hibernate: 
    insert 
    into
        courses_category_list
        (courses_id, category_list_id) 
    values
        (?, ?)
Hibernate: 
    insert 
    into
        courses_category_list
        (courses_id, category_list_id) 
    values
        (?, ?)
Hibernate: 
    insert 
    into
        courses_category_list
        (courses_id, category_list_id) 
    values
        (?, ?)
]]></system-out>
  </testcase>
</testsuite>